<?xml version="1.0" encoding="UTF-8"?><TestSessionContainer xmlns="http://www.codecover.org/xml/testsession-container" Date="1429910065937" TestSessionContainerId="5c32da37-9b9a-4b6f-9c83-36fe2e91c4ea" version="1.0">
<SrcFileList>
<SrcFile Content="package com.system.utils;&#13;&#10;&#13;&#10;import java.util.Comparator;&#13;&#10;&#13;&#10;import com.logic.player.APlayer;&#13;&#10;&#13;&#10;public class PositionCompare implements Comparator&lt;APlayer&gt;&#13;&#10;&#9;{&#13;&#10;&#13;&#10;&#9;&#9;@Override&#13;&#10;&#9;&#9;public int compare(APlayer p1, APlayer p2) {&#13;&#10;&#9;&#9;&#9;// TODO Auto-generated method stub&#13;&#10;&#9;&#9;&#9;if(p1.getPosition() &lt; p1.getPosition())&#13;&#10;&#9;&#9;&#9;{&#13;&#10;&#9;&#9;&#9;&#9;return 0;&#13;&#10;&#9;&#9;&#9;}&#13;&#10;&#9;&#9;&#9;return 1;&#13;&#10;&#9;&#9;}&#13;&#10;&#9;&#9;&#13;&#10;&#9;}&#13;&#10;" Filename="PositionCompare.java" Intrnl_Id="1"/>
<SrcFile Content="package com.system.utils;&#13;&#10;&#13;&#10;import com.logic.player.APlayer;&#13;&#10;&#13;&#10;public class PlayerUtil {&#13;&#10;&#13;&#10;    /**&#13;&#10;     * Calculate the distance between two player.&#13;&#10;     * 1. clockwise direction;&#13;&#10;     * 2. anticlockwise direction;&#13;&#10;     * get the minimum distance between the two direction.&#13;&#10;     * If player1 has a MinusMountCard, the distance will be reduced;&#13;&#10;     * If player2 has a PlusMountCard, the distance will be increased.&#13;&#10;     *&#13;&#10;     * @param player1&#13;&#10;     * @param player2&#13;&#10;     * @return distance between two player.&#13;&#10;     * @throws java.lang.RuntimeException if distance is not valid.&#13;&#10;     */&#13;&#10;    public int getDistance(APlayer player1, APlayer player2) {&#13;&#10;        if (player1.getPosition() &lt; 1 || player2.getPosition() &lt; 1 ||&#13;&#10;            player1.getPosition() &gt; 5 || player2.getPosition() &gt; 5) {&#13;&#10;            throw new RuntimeException(&quot;Invalid distance.&quot;);&#13;&#10;        }&#13;&#10;        int distance = Math.abs(player2.getPosition() - player1.getPosition());&#13;&#10;        if (distance &gt; 2) {&#13;&#10;            distance = 5 - distance;&#13;&#10;        }&#13;&#10;        if (player1.getMinusMount() != null) {&#13;&#10;            distance -= player1.getMinusMount().getAffectedRange();&#13;&#10;        }&#13;&#10;        if (player2.getPlusMount() != null) {&#13;&#10;            distance += player2.getPlusMount().getAffectedRange();&#13;&#10;        }&#13;&#10;        return distance;&#13;&#10;    }&#13;&#10;}&#13;&#10;" Filename="PlayerUtil.java" Intrnl_Id="2"/>
<SrcFile Content="package com.system.utils;&#13;&#10;&#13;&#10;public class DebugUtil {&#13;&#10;&#13;&#10;&#9;public static void print(String param) {&#13;&#10;&#9;&#13;&#10;&#9;&#9;System.out.println(param);&#13;&#10;&#9;}&#13;&#10;&#9;&#13;&#10;&#9;public static void print(int param){&#13;&#10;&#9;&#9;System.out.println(param);&#13;&#10;&#9;}&#13;&#10;&#9;&#13;&#10;&#9;public static void print(String name,String param) {&#13;&#10;&#9;&#9;System.out.println(name+&quot; : &quot;+param);&#13;&#10;&#9;}&#13;&#10;&#9;&#13;&#10;&#9;public static void print(){&#13;&#10;&#9;&#9;System.out.println(&quot;success print!&quot;);&#13;&#10;&#9;}&#13;&#10;}&#13;&#10;" Filename="DebugUtil.java" Intrnl_Id="3"/>
<SrcFile Content="package com.system.utils;&#13;&#10;&#13;&#10;import java.util.ArrayList;&#13;&#10;import java.util.Arrays;&#13;&#10;import java.util.List;&#13;&#10;import java.util.Random;&#13;&#10;&#13;&#10;import com.card.interfaces.ACard;&#13;&#10;&#13;&#10;&#13;&#10;public class CardUtil {&#13;&#10;&#13;&#10;&#9;private static CardUtil instance;&#13;&#10;&#9;&#13;&#10;&#9;&#13;&#10;&#9;public static CardUtil getInstance(){&#13;&#10;&#9;&#9;if(instance == null){&#13;&#10;&#9;&#9;&#9;instance = new CardUtil();&#13;&#10;&#9;&#9;}&#13;&#10;&#9;&#9;return instance;&#13;&#10;&#9;}&#13;&#10;&#9;&#13;&#10;&#9;/**&#13;&#10;&#9; * &#13;&#10;&#9; * @return a list of cards which attribute read from file.&#13;&#10;&#9; * @author Xiangtian&#13;&#10;&#9; */&#13;&#10;&#9;public List&lt;ACard&gt; initialCards(){ &#13;&#10;&#9;&#9;return null;&#13;&#10;&#9;}&#13;&#10;&#9;&#13;&#10;&#9;/**&#13;&#10;&#9; * Shuffle the card after game reset.&#13;&#10;&#9; * Shuffle uses the following algorithm:&#13;&#10;&#9; *  1. Generate a list of integers&#13;&#10;&#9; *  2. For each 0 &lt; n &lt; cards.size()&#13;&#10;&#9; *      switch the (2n-2)th and (2n-1)th position (wrap around if out of index)&#13;&#10;&#9; *  3. return the list&#13;&#10;&#9; *&#13;&#10;&#9; * @param cards a list of cards except some card still in the battlefield&#13;&#10;&#9; * @return a list of cards which items randomly set.&#13;&#10;&#9; * @author Jackie&#13;&#10;&#9; */&#13;&#10;&#9;public List&lt;ACard&gt; shuffleCard(List&lt;ACard&gt; cards) {&#13;&#10;&#9;&#9;// Generate a list of integers.&#13;&#10;&#9;&#9;List&lt;Integer&gt; randInts = new ArrayList&lt;Integer&gt;();&#13;&#10;//        Random random = new Random();&#13;&#10;//        for (int i = 0, len = cards.size(); i &lt; len; i++) {&#13;&#10;//            randInts.add(random.nextInt());&#13;&#10;//        }&#13;&#10;&#9;&#9;randInts = Arrays.asList(1, 2, 3, 5, 7, 11, 13, 17, 19, 23, 29, 31);&#13;&#10;&#13;&#10;        // Shuffle cards.&#13;&#10;&#9;&#9;for (int n = 1; n &lt; cards.size(); n++) {&#13;&#10;&#9;&#9;&#9;int pos0 = randInts.get((2 * n - 2) % randInts.size()) % cards.size();&#13;&#10;&#9;&#9;&#9;int pos1 = randInts.get((2 * n - 1) % randInts.size()) % cards.size();&#13;&#10;&#9;&#9;&#9;ACard temp = cards.get(pos0);&#13;&#10;&#9;&#9;&#9;cards.set(pos0, cards.get(pos1));&#13;&#10;&#9;&#9;&#9;cards.set(pos1, temp);&#13;&#10;&#9;&#9;}&#13;&#10;&#9;&#9;return cards;&#13;&#10;&#9;}&#13;&#10;}&#13;&#10;" Filename="CardUtil.java" Intrnl_Id="4"/>
<SrcFile Content="package com.system.enums;&#13;&#10;&#13;&#10;public enum SkillType {&#13;&#10;&#13;&#10;&#9;&#13;&#10;}&#13;&#10;" Filename="SkillType.java" Intrnl_Id="5"/>
<SrcFile Content="package com.system.enums;&#13;&#10;&#13;&#10;public enum Kingdoms {&#13;&#10;&#9;WEI,SHU,WU,QUN&#13;&#10;}&#13;&#10;" Filename="Kingdoms.java" Intrnl_Id="6"/>
<SrcFile Content="package com.system.enums;&#13;&#10;&#13;&#10;public enum GameState {&#13;&#10;&#9;begin,check,drawCard,castCard,dropCard,end&#13;&#10;}&#13;&#10;" Filename="GameState.java" Intrnl_Id="7"/>
<SrcFile Content="package com.system.enums;&#13;&#10;&#13;&#10;public enum CardColors {&#13;&#10;&#9;Heart,Diamond,Clubs,Spades;&#9;&#13;&#10;&#13;&#10;}&#13;&#10;" Filename="CardColors.java" Intrnl_Id="8"/>
<SrcFile Content="package com.card.interfaces;&#13;&#10;&#13;&#10;import java.util.List;&#13;&#10;import com.logic.player.APlayer;&#13;&#10;&#13;&#10;public abstract class PlusMountCard extends AEquipmentCard implements IMountCard {&#13;&#10;&#9;public void use(APlayer player, List&lt;APlayer&gt; target)&#13;&#10;&#9;{&#13;&#10;&#9;&#9;for(APlayer targetPlayer: target)&#13;&#10;&#9;&#9;{&#13;&#10;&#9;&#9;&#9;targetPlayer.setPlusMount(this);&#13;&#10;&#9;&#9;}&#13;&#10;&#9;}&#13;&#10;    public abstract int getAffectedRange();&#13;&#10;}&#13;&#10;" Filename="PlusMountCard.java" Intrnl_Id="9"/>
<SrcFile Content="package com.card.interfaces;&#13;&#10;&#13;&#10;import com.logic.player.APlayer;&#13;&#10;&#13;&#10;import java.util.List;&#13;&#10;&#13;&#10;public abstract class MinusMountCard extends AEquipmentCard implements IMountCard {&#13;&#10;    public void use(APlayer player, List&lt;APlayer&gt; target)&#13;&#10;    {&#13;&#10;        for(APlayer targetPlayer: target)&#13;&#10;        {&#13;&#10;            targetPlayer.setMinusMount(this);&#13;&#10;        }&#13;&#10;    }&#13;&#10;    public abstract int getAffectedRange();&#13;&#10;}&#13;&#10;" Filename="MinusMountCard.java" Intrnl_Id="10"/>
<SrcFile Content="package com.card.equipment;&#13;&#10;&#13;&#10;import com.card.interfaces.IMountCard;&#13;&#10;import com.card.interfaces.PlusMountCard;&#13;&#10;import com.system.constants.CardConst;&#13;&#10;&#13;&#10;public class ShadowRunnerCard extends PlusMountCard implements IMountCard {&#13;&#10;&#9;public ShadowRunnerCard() {&#13;&#10;        this.name = &quot;ShadowRunner&quot;;&#13;&#10;        this.type = CardConst.CardType_Mount_Plus;&#13;&#10;    }&#13;&#10;    private int affectedRange = 1;&#13;&#10;&#13;&#10;    @Override&#13;&#10;    public int getAffectedRange() {&#13;&#10;        return affectedRange;&#13;&#10;    }&#13;&#10;}&#13;&#10;" Filename="ShadowRunnerCard.java" Intrnl_Id="11"/>
<SrcFile Content="package com.card.equipment;&#13;&#10;&#13;&#10;import com.card.interfaces.IMountCard;&#13;&#10;import com.card.interfaces.MinusMountCard;&#13;&#10;import com.system.constants.CardConst;&#13;&#10;&#13;&#10;public class RedHareCard extends MinusMountCard implements IMountCard {&#13;&#10;    public RedHareCard() {&#13;&#10;        this.name = &quot;RedHare&quot;;&#13;&#10;        this.type = CardConst.CardType_Mount_Minus;&#13;&#10;    }&#13;&#10;    private int affectedRange = 1;&#13;&#10;&#13;&#10;    @Override&#13;&#10;    public int getAffectedRange() {&#13;&#10;        return affectedRange;&#13;&#10;    }&#13;&#10;}&#13;&#10;" Filename="RedHareCard.java" Intrnl_Id="12"/>
<SrcFile Content="package com.card.equipment;&#13;&#10;&#13;&#10;import com.card.interfaces.IWeaponCard;&#13;&#10;import com.card.interfaces.WeaponCard;&#13;&#10;import com.system.constants.CardConst;&#13;&#10;&#13;&#10;public class QilinBowCard extends WeaponCard implements IWeaponCard {&#13;&#10;    public QilinBowCard() {&#13;&#10;        this.name = &quot;QilinBow&quot;;&#13;&#10;        this.type = CardConst.CardType_Weapon;&#13;&#10;        this.attackRange = 5;&#13;&#10;    }&#13;&#10;&#13;&#10;    @Override&#13;&#10;    public void checkArmor() {&#13;&#10;&#13;&#10;    }&#13;&#10;}&#13;&#10;" Filename="QilinBowCard.java" Intrnl_Id="13"/>
</SrcFileList>
<CritList>
<CritListEntry Name="org.codecover.model.utils.criteria.LoopCoverage" PluginName="org.codecover"/>
<CritListEntry Name="org.codecover.model.utils.criteria.QMOCoverage" PluginName="org.codecover"/>
<CritListEntry Name="org.codecover.model.utils.criteria.ConditionCoverage" PluginName="org.codecover"/>
<CritListEntry Name="org.codecover.model.utils.criteria.BranchCoverage" PluginName="org.codecover"/>
<CritListEntry Name="org.codecover.model.utils.criteria.SynchronizedStatementCoverage" PluginName="org.codecover"/>
<CritListEntry Name="org.codecover.model.utils.criteria.StatementCoverage" PluginName="org.codecover"/>
</CritList>
<BoolOpList>
<BoolOp Arity="2" Intrnl_Id="14" Name="conditional or (||)">
<BoolAssgnmntBoolMapList>
<MapEntry BoolAssgnmnt="00" Value="false"/>
<MapEntry BoolAssgnmnt="01" Value="true"/>
<MapEntry BoolAssgnmnt="12" Value="true"/>
</BoolAssgnmntBoolMapList>
</BoolOp>
</BoolOpList>
<HierarchyLvlTypeList>
<HierarchyLvlType EnglishName="enumeration" IntrnlName="enum" Intrnl_Id="15"/>
<HierarchyLvlType EnglishName="package" IntrnlName="package" Intrnl_Id="16"/>
<HierarchyLvlType EnglishName="method" IntrnlName="method" Intrnl_Id="17"/>
<HierarchyLvlType EnglishName="class" IntrnlName="class" Intrnl_Id="18"/>
<HierarchyLvlType EnglishName="default package" IntrnlName="default package" Intrnl_Id="19"/>
</HierarchyLvlTypeList>
<MASTRoot>
<HierarchyLvl HierarchyLvlId="182" HierarchyLvlTypeId="19" Intrnl_Id="20" Name="default package">
<Header/>
<LocList/>
<HierarchyLvl HierarchyLvlId="181" HierarchyLvlTypeId="16" Intrnl_Id="21" Name="com">
<Header/>
<LocList/>
<HierarchyLvl HierarchyLvlId="177" HierarchyLvlTypeId="16" Intrnl_Id="22" Name="system">
<Header/>
<LocList/>
<HierarchyLvl HierarchyLvlId="175" HierarchyLvlTypeId="16" Intrnl_Id="23" Name="utils">
<Header/>
<LocList/>
<HierarchyLvl HierarchyLvlId="144" HierarchyLvlTypeId="18" Intrnl_Id="24" Name="PositionCompare">
<Header>
<Loc EndOffset="156" SrcFileId="1" StartOffset="97"/>
</Header>
<LocList>
<Loc EndOffset="360" SrcFileId="1" StartOffset="97"/>
</LocList>
<HierarchyLvl HierarchyLvlId="143" HierarchyLvlTypeId="17" Intrnl_Id="25" Name="compare">
<Header>
<Loc EndOffset="221" SrcFileId="1" StartOffset="166"/>
</Header>
<LocList>
<Loc EndOffset="352" SrcFileId="1" StartOffset="166"/>
</LocList>
<StmntSeq Intrnl_Id="26">
<LocList>
<Loc EndOffset="333" SrcFileId="1" StartOffset="267"/>
<Loc EndOffset="347" SrcFileId="1" StartOffset="338"/>
</LocList>
<CondStmnt CovItemId="S1" CovItemPrefix="com.system.utils.PositionCompare.java" Intrnl_Id="27">
<Branch CovItemId="B1" CovItemPrefix="com.system.utils.PositionCompare.java" Implct="false" Intrnl_Id="28">
<Cond/>
<LocList>
<Loc EndOffset="333" SrcFileId="1" StartOffset="311"/>
</LocList>
<StmntSeq Intrnl_Id="29">
<LocList>
<Loc EndOffset="327" SrcFileId="1" StartOffset="318"/>
</LocList>
<BasicStmnt CovItemId="S2" CovItemPrefix="com.system.utils.PositionCompare.java" Intrnl_Id="30">
<LocList>
<Loc EndOffset="327" SrcFileId="1" StartOffset="318"/>
</LocList>
</BasicStmnt>
</StmntSeq>
</Branch>
<Branch CovItemId="B2" CovItemPrefix="com.system.utils.PositionCompare.java" Implct="true" Intrnl_Id="31">
<Cond/>
<LocList/>
<StmntSeq Intrnl_Id="32">
<LocList/>
</StmntSeq>
</Branch>
<Keyword EndOffset="269" SrcFileId="1" StartOffset="267"/>
<LocList>
<Loc EndOffset="333" SrcFileId="1" StartOffset="267"/>
</LocList>
<RootTerm CovItemId="C1" CovItemPrefix="com.system.utils.PositionCompare.java" Intrnl_Id="33">
<BasicBoolTerm Intrnl_Id="34">
<LocList>
<Loc EndOffset="305" SrcFileId="1" StartOffset="270"/>
</LocList>
</BasicBoolTerm>
</RootTerm>
</CondStmnt>
<BasicStmnt CovItemId="S3" CovItemPrefix="com.system.utils.PositionCompare.java" Intrnl_Id="35">
<LocList>
<Loc EndOffset="347" SrcFileId="1" StartOffset="338"/>
</LocList>
</BasicStmnt>
</StmntSeq>
</HierarchyLvl>
</HierarchyLvl>
<HierarchyLvl HierarchyLvlId="146" HierarchyLvlTypeId="18" Intrnl_Id="36" Name="PlayerUtil">
<Header>
<Loc EndOffset="88" SrcFileId="2" StartOffset="65"/>
</Header>
<LocList>
<Loc EndOffset="1328" SrcFileId="2" StartOffset="65"/>
</LocList>
<HierarchyLvl HierarchyLvlId="145" HierarchyLvlTypeId="17" Intrnl_Id="37" Name="getDistance">
<Header>
<Loc EndOffset="662" SrcFileId="2" StartOffset="606"/>
</Header>
<LocList>
<Loc EndOffset="1325" SrcFileId="2" StartOffset="606"/>
</LocList>
<StmntSeq Intrnl_Id="38">
<LocList>
<Loc EndOffset="879" SrcFileId="2" StartOffset="674"/>
<Loc EndOffset="960" SrcFileId="2" StartOffset="889"/>
<Loc EndOffset="1038" SrcFileId="2" StartOffset="970"/>
<Loc EndOffset="1166" SrcFileId="2" StartOffset="1048"/>
<Loc EndOffset="1292" SrcFileId="2" StartOffset="1176"/>
<Loc EndOffset="1318" SrcFileId="2" StartOffset="1302"/>
</LocList>
<CondStmnt CovItemId="S1" CovItemPrefix="com.system.utils.PlayerUtil.java" Intrnl_Id="39">
<Branch CovItemId="B1" CovItemPrefix="com.system.utils.PlayerUtil.java" Implct="false" Intrnl_Id="40">
<Cond/>
<LocList>
<Loc EndOffset="879" SrcFileId="2" StartOffset="805"/>
</LocList>
<StmntSeq Intrnl_Id="41">
<LocList>
<Loc EndOffset="868" SrcFileId="2" StartOffset="820"/>
</LocList>
<BasicStmnt CovItemId="S2" CovItemPrefix="com.system.utils.PlayerUtil.java" Intrnl_Id="42">
<LocList>
<Loc EndOffset="868" SrcFileId="2" StartOffset="820"/>
</LocList>
</BasicStmnt>
</StmntSeq>
</Branch>
<Branch CovItemId="B2" CovItemPrefix="com.system.utils.PlayerUtil.java" Implct="true" Intrnl_Id="43">
<Cond/>
<LocList/>
<StmntSeq Intrnl_Id="44">
<LocList/>
</StmntSeq>
</Branch>
<Keyword EndOffset="676" SrcFileId="2" StartOffset="674"/>
<LocList>
<Loc EndOffset="879" SrcFileId="2" StartOffset="674"/>
</LocList>
<RootTerm CovItemId="C1" CovItemPrefix="com.system.utils.PlayerUtil.java" Intrnl_Id="45">
<OpTerm BooleanOpId="14" Intrnl_Id="46">
<OpTerm BooleanOpId="14" Intrnl_Id="47">
<OpTerm BooleanOpId="14" Intrnl_Id="48">
<BasicBoolTerm Intrnl_Id="49">
<LocList>
<Loc EndOffset="703" SrcFileId="2" StartOffset="678"/>
</LocList>
</BasicBoolTerm>
<BasicBoolTerm Intrnl_Id="50">
<LocList>
<Loc EndOffset="732" SrcFileId="2" StartOffset="707"/>
</LocList>
</BasicBoolTerm>
<LocList>
<Loc EndOffset="706" SrcFileId="2" StartOffset="704"/>
</LocList>
</OpTerm>
<BasicBoolTerm Intrnl_Id="51">
<LocList>
<Loc EndOffset="774" SrcFileId="2" StartOffset="749"/>
</LocList>
</BasicBoolTerm>
<LocList>
<Loc EndOffset="735" SrcFileId="2" StartOffset="733"/>
</LocList>
</OpTerm>
<BasicBoolTerm Intrnl_Id="52">
<LocList>
<Loc EndOffset="803" SrcFileId="2" StartOffset="778"/>
</LocList>
</BasicBoolTerm>
<LocList>
<Loc EndOffset="777" SrcFileId="2" StartOffset="775"/>
</LocList>
</OpTerm>
</RootTerm>
</CondStmnt>
<BasicStmnt CovItemId="S3" CovItemPrefix="com.system.utils.PlayerUtil.java" Intrnl_Id="53">
<LocList>
<Loc EndOffset="960" SrcFileId="2" StartOffset="889"/>
</LocList>
</BasicStmnt>
<CondStmnt CovItemId="S4" CovItemPrefix="com.system.utils.PlayerUtil.java" Intrnl_Id="54">
<Branch CovItemId="B3" CovItemPrefix="com.system.utils.PlayerUtil.java" Implct="false" Intrnl_Id="55">
<Cond/>
<LocList>
<Loc EndOffset="1038" SrcFileId="2" StartOffset="988"/>
</LocList>
<StmntSeq Intrnl_Id="56">
<LocList>
<Loc EndOffset="1027" SrcFileId="2" StartOffset="1003"/>
</LocList>
<BasicStmnt CovItemId="S5" CovItemPrefix="com.system.utils.PlayerUtil.java" Intrnl_Id="57">
<LocList>
<Loc EndOffset="1027" SrcFileId="2" StartOffset="1003"/>
</LocList>
</BasicStmnt>
</StmntSeq>
</Branch>
<Branch CovItemId="B4" CovItemPrefix="com.system.utils.PlayerUtil.java" Implct="true" Intrnl_Id="58">
<Cond/>
<LocList/>
<StmntSeq Intrnl_Id="59">
<LocList/>
</StmntSeq>
</Branch>
<Keyword EndOffset="972" SrcFileId="2" StartOffset="970"/>
<LocList>
<Loc EndOffset="1038" SrcFileId="2" StartOffset="970"/>
</LocList>
<RootTerm CovItemId="C2" CovItemPrefix="com.system.utils.PlayerUtil.java" Intrnl_Id="60">
<BasicBoolTerm Intrnl_Id="61">
<LocList>
<Loc EndOffset="986" SrcFileId="2" StartOffset="974"/>
</LocList>
</BasicBoolTerm>
</RootTerm>
</CondStmnt>
<CondStmnt CovItemId="S6" CovItemPrefix="com.system.utils.PlayerUtil.java" Intrnl_Id="62">
<Branch CovItemId="B5" CovItemPrefix="com.system.utils.PlayerUtil.java" Implct="false" Intrnl_Id="63">
<Cond/>
<LocList>
<Loc EndOffset="1166" SrcFileId="2" StartOffset="1085"/>
</LocList>
<StmntSeq Intrnl_Id="64">
<LocList>
<Loc EndOffset="1155" SrcFileId="2" StartOffset="1100"/>
</LocList>
<BasicStmnt CovItemId="S7" CovItemPrefix="com.system.utils.PlayerUtil.java" Intrnl_Id="65">
<LocList>
<Loc EndOffset="1155" SrcFileId="2" StartOffset="1100"/>
</LocList>
</BasicStmnt>
</StmntSeq>
</Branch>
<Branch CovItemId="B6" CovItemPrefix="com.system.utils.PlayerUtil.java" Implct="true" Intrnl_Id="66">
<Cond/>
<LocList/>
<StmntSeq Intrnl_Id="67">
<LocList/>
</StmntSeq>
</Branch>
<Keyword EndOffset="1050" SrcFileId="2" StartOffset="1048"/>
<LocList>
<Loc EndOffset="1166" SrcFileId="2" StartOffset="1048"/>
</LocList>
<RootTerm CovItemId="C3" CovItemPrefix="com.system.utils.PlayerUtil.java" Intrnl_Id="68">
<BasicBoolTerm Intrnl_Id="69">
<LocList>
<Loc EndOffset="1083" SrcFileId="2" StartOffset="1052"/>
</LocList>
</BasicBoolTerm>
</RootTerm>
</CondStmnt>
<CondStmnt CovItemId="S8" CovItemPrefix="com.system.utils.PlayerUtil.java" Intrnl_Id="70">
<Branch CovItemId="B7" CovItemPrefix="com.system.utils.PlayerUtil.java" Implct="false" Intrnl_Id="71">
<Cond/>
<LocList>
<Loc EndOffset="1292" SrcFileId="2" StartOffset="1212"/>
</LocList>
<StmntSeq Intrnl_Id="72">
<LocList>
<Loc EndOffset="1281" SrcFileId="2" StartOffset="1227"/>
</LocList>
<BasicStmnt CovItemId="S9" CovItemPrefix="com.system.utils.PlayerUtil.java" Intrnl_Id="73">
<LocList>
<Loc EndOffset="1281" SrcFileId="2" StartOffset="1227"/>
</LocList>
</BasicStmnt>
</StmntSeq>
</Branch>
<Branch CovItemId="B8" CovItemPrefix="com.system.utils.PlayerUtil.java" Implct="true" Intrnl_Id="74">
<Cond/>
<LocList/>
<StmntSeq Intrnl_Id="75">
<LocList/>
</StmntSeq>
</Branch>
<Keyword EndOffset="1178" SrcFileId="2" StartOffset="1176"/>
<LocList>
<Loc EndOffset="1292" SrcFileId="2" StartOffset="1176"/>
</LocList>
<RootTerm CovItemId="C4" CovItemPrefix="com.system.utils.PlayerUtil.java" Intrnl_Id="76">
<BasicBoolTerm Intrnl_Id="77">
<LocList>
<Loc EndOffset="1210" SrcFileId="2" StartOffset="1180"/>
</LocList>
</BasicBoolTerm>
</RootTerm>
</CondStmnt>
<BasicStmnt CovItemId="S10" CovItemPrefix="com.system.utils.PlayerUtil.java" Intrnl_Id="78">
<LocList>
<Loc EndOffset="1318" SrcFileId="2" StartOffset="1302"/>
</LocList>
</BasicStmnt>
</StmntSeq>
</HierarchyLvl>
</HierarchyLvl>
<HierarchyLvl HierarchyLvlId="151" HierarchyLvlTypeId="18" Intrnl_Id="79" Name="DebugUtil">
<Header>
<Loc EndOffset="51" SrcFileId="3" StartOffset="29"/>
</Header>
<LocList>
<Loc EndOffset="395" SrcFileId="3" StartOffset="29"/>
</LocList>
<HierarchyLvl HierarchyLvlId="147" HierarchyLvlTypeId="17" Intrnl_Id="80" Name="print">
<Header>
<Loc EndOffset="96" SrcFileId="3" StartOffset="58"/>
</Header>
<LocList>
<Loc EndOffset="135" SrcFileId="3" StartOffset="58"/>
</LocList>
<StmntSeq Intrnl_Id="81">
<LocList>
<Loc EndOffset="131" SrcFileId="3" StartOffset="105"/>
</LocList>
<BasicStmnt CovItemId="S1" CovItemPrefix="com.system.utils.DebugUtil.java" Intrnl_Id="82">
<LocList>
<Loc EndOffset="131" SrcFileId="3" StartOffset="105"/>
</LocList>
</BasicStmnt>
</StmntSeq>
</HierarchyLvl>
<HierarchyLvl HierarchyLvlId="148" HierarchyLvlTypeId="17" Intrnl_Id="83" Name="print">
<Header>
<Loc EndOffset="176" SrcFileId="3" StartOffset="141"/>
</Header>
<LocList>
<Loc EndOffset="211" SrcFileId="3" StartOffset="141"/>
</LocList>
<StmntSeq Intrnl_Id="84">
<LocList>
<Loc EndOffset="207" SrcFileId="3" StartOffset="181"/>
</LocList>
<BasicStmnt CovItemId="S2" CovItemPrefix="com.system.utils.DebugUtil.java" Intrnl_Id="85">
<LocList>
<Loc EndOffset="207" SrcFileId="3" StartOffset="181"/>
</LocList>
</BasicStmnt>
</StmntSeq>
</HierarchyLvl>
<HierarchyLvl HierarchyLvlId="149" HierarchyLvlTypeId="17" Intrnl_Id="86" Name="print">
<Header>
<Loc EndOffset="267" SrcFileId="3" StartOffset="217"/>
</Header>
<LocList>
<Loc EndOffset="314" SrcFileId="3" StartOffset="217"/>
</LocList>
<StmntSeq Intrnl_Id="87">
<LocList>
<Loc EndOffset="310" SrcFileId="3" StartOffset="273"/>
</LocList>
<BasicStmnt CovItemId="S3" CovItemPrefix="com.system.utils.DebugUtil.java" Intrnl_Id="88">
<LocList>
<Loc EndOffset="310" SrcFileId="3" StartOffset="273"/>
</LocList>
</BasicStmnt>
</StmntSeq>
</HierarchyLvl>
<HierarchyLvl HierarchyLvlId="150" HierarchyLvlTypeId="17" Intrnl_Id="89" Name="print">
<Header>
<Loc EndOffset="346" SrcFileId="3" StartOffset="320"/>
</Header>
<LocList>
<Loc EndOffset="392" SrcFileId="3" StartOffset="320"/>
</LocList>
<StmntSeq Intrnl_Id="90">
<LocList>
<Loc EndOffset="388" SrcFileId="3" StartOffset="351"/>
</LocList>
<BasicStmnt CovItemId="S4" CovItemPrefix="com.system.utils.DebugUtil.java" Intrnl_Id="91">
<LocList>
<Loc EndOffset="388" SrcFileId="3" StartOffset="351"/>
</LocList>
</BasicStmnt>
</StmntSeq>
</HierarchyLvl>
</HierarchyLvl>
<HierarchyLvl HierarchyLvlId="155" HierarchyLvlTypeId="18" Intrnl_Id="92" Name="CardUtil">
<Header>
<Loc EndOffset="196" SrcFileId="4" StartOffset="175"/>
</Header>
<LocList>
<Loc EndOffset="1697" SrcFileId="4" StartOffset="175"/>
</LocList>
<HierarchyLvl HierarchyLvlId="152" HierarchyLvlTypeId="17" Intrnl_Id="93" Name="getInstance">
<Header>
<Loc EndOffset="281" SrcFileId="4" StartOffset="245"/>
</Header>
<LocList>
<Loc EndOffset="367" SrcFileId="4" StartOffset="245"/>
</LocList>
<StmntSeq Intrnl_Id="94">
<LocList>
<Loc EndOffset="343" SrcFileId="4" StartOffset="286"/>
<Loc EndOffset="363" SrcFileId="4" StartOffset="347"/>
</LocList>
<CondStmnt CovItemId="S1" CovItemPrefix="com.system.utils.CardUtil.java" Intrnl_Id="95">
<Branch CovItemId="B1" CovItemPrefix="com.system.utils.CardUtil.java" Implct="false" Intrnl_Id="96">
<Cond/>
<LocList>
<Loc EndOffset="343" SrcFileId="4" StartOffset="306"/>
</LocList>
<StmntSeq Intrnl_Id="97">
<LocList>
<Loc EndOffset="338" SrcFileId="4" StartOffset="312"/>
</LocList>
<BasicStmnt CovItemId="S2" CovItemPrefix="com.system.utils.CardUtil.java" Intrnl_Id="98">
<LocList>
<Loc EndOffset="338" SrcFileId="4" StartOffset="312"/>
</LocList>
</BasicStmnt>
</StmntSeq>
</Branch>
<Branch CovItemId="B2" CovItemPrefix="com.system.utils.CardUtil.java" Implct="true" Intrnl_Id="99">
<Cond/>
<LocList/>
<StmntSeq Intrnl_Id="100">
<LocList/>
</StmntSeq>
</Branch>
<Keyword EndOffset="288" SrcFileId="4" StartOffset="286"/>
<LocList>
<Loc EndOffset="343" SrcFileId="4" StartOffset="286"/>
</LocList>
<RootTerm CovItemId="C1" CovItemPrefix="com.system.utils.CardUtil.java" Intrnl_Id="101">
<BasicBoolTerm Intrnl_Id="102">
<LocList>
<Loc EndOffset="305" SrcFileId="4" StartOffset="289"/>
</LocList>
</BasicBoolTerm>
</RootTerm>
</CondStmnt>
<BasicStmnt CovItemId="S3" CovItemPrefix="com.system.utils.CardUtil.java" Intrnl_Id="103">
<LocList>
<Loc EndOffset="363" SrcFileId="4" StartOffset="347"/>
</LocList>
</BasicStmnt>
</StmntSeq>
</HierarchyLvl>
<HierarchyLvl HierarchyLvlId="153" HierarchyLvlTypeId="17" Intrnl_Id="104" Name="initialCards">
<Header>
<Loc EndOffset="508" SrcFileId="4" StartOffset="475"/>
</Header>
<LocList>
<Loc EndOffset="530" SrcFileId="4" StartOffset="475"/>
</LocList>
<StmntSeq Intrnl_Id="105">
<LocList>
<Loc EndOffset="526" SrcFileId="4" StartOffset="514"/>
</LocList>
<BasicStmnt CovItemId="S4" CovItemPrefix="com.system.utils.CardUtil.java" Intrnl_Id="106">
<LocList>
<Loc EndOffset="526" SrcFileId="4" StartOffset="514"/>
</LocList>
</BasicStmnt>
</StmntSeq>
</HierarchyLvl>
<HierarchyLvl HierarchyLvlId="154" HierarchyLvlTypeId="17" Intrnl_Id="107" Name="shuffleCard">
<Header>
<Loc EndOffset="1019" SrcFileId="4" StartOffset="970"/>
</Header>
<LocList>
<Loc EndOffset="1694" SrcFileId="4" StartOffset="970"/>
</LocList>
<StmntSeq Intrnl_Id="108">
<LocList>
<Loc EndOffset="1110" SrcFileId="4" StartOffset="1060"/>
<Loc EndOffset="1346" SrcFileId="4" StartOffset="1278"/>
<Loc EndOffset="1673" SrcFileId="4" StartOffset="1379"/>
<Loc EndOffset="1690" SrcFileId="4" StartOffset="1677"/>
</LocList>
<BasicStmnt CovItemId="S5" CovItemPrefix="com.system.utils.CardUtil.java" Intrnl_Id="109">
<LocList>
<Loc EndOffset="1110" SrcFileId="4" StartOffset="1060"/>
</LocList>
</BasicStmnt>
<BasicStmnt CovItemId="S6" CovItemPrefix="com.system.utils.CardUtil.java" Intrnl_Id="110">
<LocList>
<Loc EndOffset="1346" SrcFileId="4" StartOffset="1278"/>
</LocList>
</BasicStmnt>
<LoopStmnt CovItemId="S7" CovItemPrefix="com.system.utils.CardUtil.java" Intrnl_Id="111" MltplExecId="L1-2" MltplExecPrefix="com.system.utils.CardUtil.java" NvrExecId="L1-0" NvrExecPrefix="com.system.utils.CardUtil.java" OnceExecutedId="L1-1" OnceExecutedPrefix="com.system.utils.CardUtil.java" OptBodyExec="true">
<StmntSeq Intrnl_Id="112">
<LocList>
<Loc EndOffset="1494" SrcFileId="4" StartOffset="1424"/>
<Loc EndOffset="1569" SrcFileId="4" StartOffset="1499"/>
<Loc EndOffset="1603" SrcFileId="4" StartOffset="1574"/>
<Loc EndOffset="1641" SrcFileId="4" StartOffset="1608"/>
<Loc EndOffset="1668" SrcFileId="4" StartOffset="1646"/>
</LocList>
<BasicStmnt CovItemId="S8" CovItemPrefix="com.system.utils.CardUtil.java" Intrnl_Id="113">
<LocList>
<Loc EndOffset="1494" SrcFileId="4" StartOffset="1424"/>
</LocList>
</BasicStmnt>
<BasicStmnt CovItemId="S9" CovItemPrefix="com.system.utils.CardUtil.java" Intrnl_Id="114">
<LocList>
<Loc EndOffset="1569" SrcFileId="4" StartOffset="1499"/>
</LocList>
</BasicStmnt>
<BasicStmnt CovItemId="S10" CovItemPrefix="com.system.utils.CardUtil.java" Intrnl_Id="115">
<LocList>
<Loc EndOffset="1603" SrcFileId="4" StartOffset="1574"/>
</LocList>
</BasicStmnt>
<BasicStmnt CovItemId="S11" CovItemPrefix="com.system.utils.CardUtil.java" Intrnl_Id="116">
<LocList>
<Loc EndOffset="1641" SrcFileId="4" StartOffset="1608"/>
</LocList>
</BasicStmnt>
<BasicStmnt CovItemId="S12" CovItemPrefix="com.system.utils.CardUtil.java" Intrnl_Id="117">
<LocList>
<Loc EndOffset="1668" SrcFileId="4" StartOffset="1646"/>
</LocList>
</BasicStmnt>
</StmntSeq>
<Keyword EndOffset="1382" SrcFileId="4" StartOffset="1379"/>
<LocList>
<Loc EndOffset="1673" SrcFileId="4" StartOffset="1379"/>
</LocList>
<RootTerm CovItemId="C2" CovItemPrefix="com.system.utils.CardUtil.java" Intrnl_Id="118">
<BasicBoolTerm Intrnl_Id="119">
<LocList>
<Loc EndOffset="1411" SrcFileId="4" StartOffset="1395"/>
</LocList>
</BasicBoolTerm>
</RootTerm>
</LoopStmnt>
<BasicStmnt CovItemId="S13" CovItemPrefix="com.system.utils.CardUtil.java" Intrnl_Id="120">
<LocList>
<Loc EndOffset="1690" SrcFileId="4" StartOffset="1677"/>
</LocList>
</BasicStmnt>
</StmntSeq>
</HierarchyLvl>
</HierarchyLvl>
</HierarchyLvl>
<HierarchyLvl HierarchyLvlId="176" HierarchyLvlTypeId="16" Intrnl_Id="121" Name="enums">
<Header/>
<LocList/>
<HierarchyLvl HierarchyLvlId="156" HierarchyLvlTypeId="15" Intrnl_Id="122" Name="SkillType">
<Header>
<Loc EndOffset="50" SrcFileId="5" StartOffset="29"/>
</Header>
<LocList>
<Loc EndOffset="60" SrcFileId="5" StartOffset="29"/>
</LocList>
</HierarchyLvl>
<HierarchyLvl HierarchyLvlId="157" HierarchyLvlTypeId="15" Intrnl_Id="123" Name="Kingdoms">
<Header>
<Loc EndOffset="49" SrcFileId="6" StartOffset="29"/>
</Header>
<LocList>
<Loc EndOffset="71" SrcFileId="6" StartOffset="29"/>
</LocList>
</HierarchyLvl>
<HierarchyLvl HierarchyLvlId="158" HierarchyLvlTypeId="15" Intrnl_Id="124" Name="GameState">
<Header>
<Loc EndOffset="50" SrcFileId="7" StartOffset="29"/>
</Header>
<LocList>
<Loc EndOffset="100" SrcFileId="7" StartOffset="29"/>
</LocList>
</HierarchyLvl>
<HierarchyLvl HierarchyLvlId="159" HierarchyLvlTypeId="15" Intrnl_Id="125" Name="CardColors">
<Header>
<Loc EndOffset="51" SrcFileId="8" StartOffset="29"/>
</Header>
<LocList>
<Loc EndOffset="89" SrcFileId="8" StartOffset="29"/>
</LocList>
</HierarchyLvl>
</HierarchyLvl>
</HierarchyLvl>
<HierarchyLvl HierarchyLvlId="180" HierarchyLvlTypeId="16" Intrnl_Id="126" Name="card">
<Header/>
<LocList/>
<HierarchyLvl HierarchyLvlId="178" HierarchyLvlTypeId="16" Intrnl_Id="127" Name="interfaces">
<Header/>
<LocList/>
<HierarchyLvl HierarchyLvlId="162" HierarchyLvlTypeId="18" Intrnl_Id="128" Name="PlusMountCard">
<Header>
<Loc EndOffset="172" SrcFileId="9" StartOffset="92"/>
</Header>
<LocList>
<Loc EndOffset="370" SrcFileId="9" StartOffset="92"/>
</LocList>
<HierarchyLvl HierarchyLvlId="160" HierarchyLvlTypeId="17" Intrnl_Id="129" Name="use">
<Header>
<Loc EndOffset="230" SrcFileId="9" StartOffset="177"/>
</Header>
<LocList>
<Loc EndOffset="322" SrcFileId="9" StartOffset="177"/>
</LocList>
<StmntSeq Intrnl_Id="130">
<LocList>
<Loc EndOffset="318" SrcFileId="9" StartOffset="238"/>
</LocList>
<LoopStmnt CovItemId="S1" CovItemPrefix="com.card.interfaces.PlusMountCard.java" Intrnl_Id="131" MltplExecId="L1-2" MltplExecPrefix="com.card.interfaces.PlusMountCard.java" NvrExecId="L1-0" NvrExecPrefix="com.card.interfaces.PlusMountCard.java" OnceExecutedId="L1-1" OnceExecutedPrefix="com.card.interfaces.PlusMountCard.java" OptBodyExec="true">
<StmntSeq Intrnl_Id="132">
<LocList>
<Loc EndOffset="313" SrcFileId="9" StartOffset="281"/>
</LocList>
<BasicStmnt CovItemId="S2" CovItemPrefix="com.card.interfaces.PlusMountCard.java" Intrnl_Id="133">
<LocList>
<Loc EndOffset="313" SrcFileId="9" StartOffset="281"/>
</LocList>
</BasicStmnt>
</StmntSeq>
<Keyword EndOffset="241" SrcFileId="9" StartOffset="238"/>
<LocList>
<Loc EndOffset="318" SrcFileId="9" StartOffset="238"/>
</LocList>
</LoopStmnt>
</StmntSeq>
</HierarchyLvl>
<HierarchyLvl HierarchyLvlId="161" HierarchyLvlTypeId="17" Intrnl_Id="134" Name="getAffectedRange">
<Header>
<Loc EndOffset="366" SrcFileId="9" StartOffset="328"/>
</Header>
<LocList>
<Loc EndOffset="367" SrcFileId="9" StartOffset="328"/>
</LocList>
</HierarchyLvl>
</HierarchyLvl>
<HierarchyLvl HierarchyLvlId="165" HierarchyLvlTypeId="18" Intrnl_Id="135" Name="MinusMountCard">
<Header>
<Loc EndOffset="175" SrcFileId="10" StartOffset="94"/>
</Header>
<LocList>
<Loc EndOffset="410" SrcFileId="10" StartOffset="94"/>
</LocList>
<HierarchyLvl HierarchyLvlId="163" HierarchyLvlTypeId="17" Intrnl_Id="136" Name="use">
<Header>
<Loc EndOffset="236" SrcFileId="10" StartOffset="183"/>
</Header>
<LocList>
<Loc EndOffset="362" SrcFileId="10" StartOffset="183"/>
</LocList>
<StmntSeq Intrnl_Id="137">
<LocList>
<Loc EndOffset="355" SrcFileId="10" StartOffset="253"/>
</LocList>
<LoopStmnt CovItemId="S1" CovItemPrefix="com.card.interfaces.MinusMountCard.java" Intrnl_Id="138" MltplExecId="L1-2" MltplExecPrefix="com.card.interfaces.MinusMountCard.java" NvrExecId="L1-0" NvrExecPrefix="com.card.interfaces.MinusMountCard.java" OnceExecutedId="L1-1" OnceExecutedPrefix="com.card.interfaces.MinusMountCard.java" OptBodyExec="true">
<StmntSeq Intrnl_Id="139">
<LocList>
<Loc EndOffset="344" SrcFileId="10" StartOffset="311"/>
</LocList>
<BasicStmnt CovItemId="S2" CovItemPrefix="com.card.interfaces.MinusMountCard.java" Intrnl_Id="140">
<LocList>
<Loc EndOffset="344" SrcFileId="10" StartOffset="311"/>
</LocList>
</BasicStmnt>
</StmntSeq>
<Keyword EndOffset="256" SrcFileId="10" StartOffset="253"/>
<LocList>
<Loc EndOffset="355" SrcFileId="10" StartOffset="253"/>
</LocList>
</LoopStmnt>
</StmntSeq>
</HierarchyLvl>
<HierarchyLvl HierarchyLvlId="164" HierarchyLvlTypeId="17" Intrnl_Id="141" Name="getAffectedRange">
<Header>
<Loc EndOffset="406" SrcFileId="10" StartOffset="368"/>
</Header>
<LocList>
<Loc EndOffset="407" SrcFileId="10" StartOffset="368"/>
</LocList>
</HierarchyLvl>
</HierarchyLvl>
</HierarchyLvl>
<HierarchyLvl HierarchyLvlId="179" HierarchyLvlTypeId="16" Intrnl_Id="142" Name="equipment">
<Header/>
<LocList/>
<HierarchyLvl HierarchyLvlId="168" HierarchyLvlTypeId="18" Intrnl_Id="143" Name="ShadowRunnerCard">
<Header>
<Loc EndOffset="229" SrcFileId="11" StartOffset="156"/>
</Header>
<LocList>
<Loc EndOffset="488" SrcFileId="11" StartOffset="156"/>
</LocList>
<StmntSeq Intrnl_Id="144">
<LocList>
<Loc EndOffset="393" SrcFileId="11" StartOffset="363"/>
</LocList>
<BasicStmnt CovItemId="S3" CovItemPrefix="com.card.equipment.ShadowRunnerCard.java" Intrnl_Id="145">
<LocList>
<Loc EndOffset="393" SrcFileId="11" StartOffset="363"/>
</LocList>
</BasicStmnt>
</StmntSeq>
<HierarchyLvl HierarchyLvlId="166" HierarchyLvlTypeId="17" Intrnl_Id="146" Name="ShadowRunnerCard">
<Header>
<Loc EndOffset="259" SrcFileId="11" StartOffset="234"/>
</Header>
<LocList>
<Loc EndOffset="357" SrcFileId="11" StartOffset="234"/>
</LocList>
<StmntSeq Intrnl_Id="147">
<LocList>
<Loc EndOffset="298" SrcFileId="11" StartOffset="271"/>
<Loc EndOffset="350" SrcFileId="11" StartOffset="308"/>
</LocList>
<BasicStmnt CovItemId="S1" CovItemPrefix="com.card.equipment.ShadowRunnerCard.java" Intrnl_Id="148">
<LocList>
<Loc EndOffset="298" SrcFileId="11" StartOffset="271"/>
</LocList>
</BasicStmnt>
<BasicStmnt CovItemId="S2" CovItemPrefix="com.card.equipment.ShadowRunnerCard.java" Intrnl_Id="149">
<LocList>
<Loc EndOffset="350" SrcFileId="11" StartOffset="308"/>
</LocList>
</BasicStmnt>
</StmntSeq>
</HierarchyLvl>
<HierarchyLvl HierarchyLvlId="167" HierarchyLvlTypeId="17" Intrnl_Id="150" Name="getAffectedRange">
<Header>
<Loc EndOffset="445" SrcFileId="11" StartOffset="401"/>
</Header>
<LocList>
<Loc EndOffset="485" SrcFileId="11" StartOffset="401"/>
</LocList>
<StmntSeq Intrnl_Id="151">
<LocList>
<Loc EndOffset="478" SrcFileId="11" StartOffset="457"/>
</LocList>
<BasicStmnt CovItemId="S4" CovItemPrefix="com.card.equipment.ShadowRunnerCard.java" Intrnl_Id="152">
<LocList>
<Loc EndOffset="478" SrcFileId="11" StartOffset="457"/>
</LocList>
</BasicStmnt>
</StmntSeq>
</HierarchyLvl>
</HierarchyLvl>
<HierarchyLvl HierarchyLvlId="171" HierarchyLvlTypeId="18" Intrnl_Id="153" Name="RedHareCard">
<Header>
<Loc EndOffset="226" SrcFileId="12" StartOffset="157"/>
</Header>
<LocList>
<Loc EndOffset="479" SrcFileId="12" StartOffset="157"/>
</LocList>
<StmntSeq Intrnl_Id="154">
<LocList>
<Loc EndOffset="384" SrcFileId="12" StartOffset="354"/>
</LocList>
<BasicStmnt CovItemId="S3" CovItemPrefix="com.card.equipment.RedHareCard.java" Intrnl_Id="155">
<LocList>
<Loc EndOffset="384" SrcFileId="12" StartOffset="354"/>
</LocList>
</BasicStmnt>
</StmntSeq>
<HierarchyLvl HierarchyLvlId="169" HierarchyLvlTypeId="17" Intrnl_Id="156" Name="RedHareCard">
<Header>
<Loc EndOffset="254" SrcFileId="12" StartOffset="234"/>
</Header>
<LocList>
<Loc EndOffset="348" SrcFileId="12" StartOffset="234"/>
</LocList>
<StmntSeq Intrnl_Id="157">
<LocList>
<Loc EndOffset="288" SrcFileId="12" StartOffset="266"/>
<Loc EndOffset="341" SrcFileId="12" StartOffset="298"/>
</LocList>
<BasicStmnt CovItemId="S1" CovItemPrefix="com.card.equipment.RedHareCard.java" Intrnl_Id="158">
<LocList>
<Loc EndOffset="288" SrcFileId="12" StartOffset="266"/>
</LocList>
</BasicStmnt>
<BasicStmnt CovItemId="S2" CovItemPrefix="com.card.equipment.RedHareCard.java" Intrnl_Id="159">
<LocList>
<Loc EndOffset="341" SrcFileId="12" StartOffset="298"/>
</LocList>
</BasicStmnt>
</StmntSeq>
</HierarchyLvl>
<HierarchyLvl HierarchyLvlId="170" HierarchyLvlTypeId="17" Intrnl_Id="160" Name="getAffectedRange">
<Header>
<Loc EndOffset="436" SrcFileId="12" StartOffset="392"/>
</Header>
<LocList>
<Loc EndOffset="476" SrcFileId="12" StartOffset="392"/>
</LocList>
<StmntSeq Intrnl_Id="161">
<LocList>
<Loc EndOffset="469" SrcFileId="12" StartOffset="448"/>
</LocList>
<BasicStmnt CovItemId="S4" CovItemPrefix="com.card.equipment.RedHareCard.java" Intrnl_Id="162">
<LocList>
<Loc EndOffset="469" SrcFileId="12" StartOffset="448"/>
</LocList>
</BasicStmnt>
</StmntSeq>
</HierarchyLvl>
</HierarchyLvl>
<HierarchyLvl HierarchyLvlId="174" HierarchyLvlTypeId="18" Intrnl_Id="163" Name="QilinBowCard">
<Header>
<Loc EndOffset="221" SrcFileId="13" StartOffset="154"/>
</Header>
<LocList>
<Loc EndOffset="432" SrcFileId="13" StartOffset="154"/>
</LocList>
<HierarchyLvl HierarchyLvlId="172" HierarchyLvlTypeId="17" Intrnl_Id="164" Name="QilinBowCard">
<Header>
<Loc EndOffset="250" SrcFileId="13" StartOffset="229"/>
</Header>
<LocList>
<Loc EndOffset="371" SrcFileId="13" StartOffset="229"/>
</LocList>
<StmntSeq Intrnl_Id="165">
<LocList>
<Loc EndOffset="285" SrcFileId="13" StartOffset="262"/>
<Loc EndOffset="333" SrcFileId="13" StartOffset="295"/>
<Loc EndOffset="364" SrcFileId="13" StartOffset="343"/>
</LocList>
<BasicStmnt CovItemId="S1" CovItemPrefix="com.card.equipment.QilinBowCard.java" Intrnl_Id="166">
<LocList>
<Loc EndOffset="285" SrcFileId="13" StartOffset="262"/>
</LocList>
</BasicStmnt>
<BasicStmnt CovItemId="S2" CovItemPrefix="com.card.equipment.QilinBowCard.java" Intrnl_Id="167">
<LocList>
<Loc EndOffset="333" SrcFileId="13" StartOffset="295"/>
</LocList>
</BasicStmnt>
<BasicStmnt CovItemId="S3" CovItemPrefix="com.card.equipment.QilinBowCard.java" Intrnl_Id="168">
<LocList>
<Loc EndOffset="364" SrcFileId="13" StartOffset="343"/>
</LocList>
</BasicStmnt>
</StmntSeq>
</HierarchyLvl>
<HierarchyLvl HierarchyLvlId="173" HierarchyLvlTypeId="17" Intrnl_Id="169" Name="checkArmor">
<Header>
<Loc EndOffset="418" SrcFileId="13" StartOffset="379"/>
</Header>
<LocList>
<Loc EndOffset="429" SrcFileId="13" StartOffset="379"/>
</LocList>
</HierarchyLvl>
</HierarchyLvl>
</HierarchyLvl>
</HierarchyLvl>
</HierarchyLvl>
</HierarchyLvl>
</MASTRoot>
</TestSessionContainer>
