<?xml version="1.0" encoding="UTF-8"?><TestSessionContainer xmlns="http://www.codecover.org/xml/testsession-container" Date="1429910002034" TestSessionContainerId="d8d9a20f-09ed-4f92-ab6f-ddf0d2764d43" version="1.0">
<SrcFileList>
<SrcFile Content="package com.card.interfaces;&#13;&#10;&#13;&#10;import java.util.List;&#13;&#10;import com.logic.player.APlayer;&#13;&#10;&#13;&#10;public abstract class PlusMountCard extends AEquipmentCard implements IMountCard {&#13;&#10;&#9;public void use(APlayer player, List&lt;APlayer&gt; target)&#13;&#10;&#9;{&#13;&#10;&#9;&#9;for(APlayer targetPlayer: target)&#13;&#10;&#9;&#9;{&#13;&#10;&#9;&#9;&#9;targetPlayer.setPlusMount(this);&#13;&#10;&#9;&#9;}&#13;&#10;&#9;}&#13;&#10;    public abstract int getAffectedRange();&#13;&#10;}&#13;&#10;" Filename="PlusMountCard.java" Intrnl_Id="1"/>
<SrcFile Content="package com.card.interfaces;&#13;&#10;&#13;&#10;import com.logic.player.APlayer;&#13;&#10;&#13;&#10;import java.util.List;&#13;&#10;&#13;&#10;public abstract class MinusMountCard extends AEquipmentCard implements IMountCard {&#13;&#10;    public void use(APlayer player, List&lt;APlayer&gt; target)&#13;&#10;    {&#13;&#10;        for(APlayer targetPlayer: target)&#13;&#10;        {&#13;&#10;            targetPlayer.setMinusMount(this);&#13;&#10;        }&#13;&#10;    }&#13;&#10;    public abstract int getAffectedRange();&#13;&#10;}&#13;&#10;" Filename="MinusMountCard.java" Intrnl_Id="2"/>
<SrcFile Content="package com.card.equipment;&#13;&#10;&#13;&#10;import com.card.interfaces.IMountCard;&#13;&#10;import com.card.interfaces.PlusMountCard;&#13;&#10;import com.system.constants.CardConst;&#13;&#10;&#13;&#10;public class ShadowRunnerCard extends PlusMountCard implements IMountCard {&#13;&#10;&#9;public ShadowRunnerCard() {&#13;&#10;        this.name = &quot;ShadowRunner&quot;;&#13;&#10;        this.type = CardConst.CardType_Mount_Plus;&#13;&#10;    }&#13;&#10;    private int affectedRange = 1;&#13;&#10;&#13;&#10;    @Override&#13;&#10;    public int getAffectedRange() {&#13;&#10;        return affectedRange;&#13;&#10;    }&#13;&#10;}&#13;&#10;" Filename="ShadowRunnerCard.java" Intrnl_Id="3"/>
<SrcFile Content="package com.card.equipment;&#13;&#10;&#13;&#10;import com.card.interfaces.IMountCard;&#13;&#10;import com.card.interfaces.MinusMountCard;&#13;&#10;import com.system.constants.CardConst;&#13;&#10;&#13;&#10;public class RedHareCard extends MinusMountCard implements IMountCard {&#13;&#10;    public RedHareCard() {&#13;&#10;        this.name = &quot;RedHare&quot;;&#13;&#10;        this.type = CardConst.CardType_Mount_Minus;&#13;&#10;    }&#13;&#10;    private int affectedRange = 1;&#13;&#10;&#13;&#10;    @Override&#13;&#10;    public int getAffectedRange() {&#13;&#10;        return affectedRange;&#13;&#10;    }&#13;&#10;}&#13;&#10;" Filename="RedHareCard.java" Intrnl_Id="4"/>
<SrcFile Content="package com.card.equipment;&#13;&#10;&#13;&#10;import com.card.interfaces.IWeaponCard;&#13;&#10;import com.card.interfaces.WeaponCard;&#13;&#10;import com.system.constants.CardConst;&#13;&#10;&#13;&#10;public class QilinBowCard extends WeaponCard implements IWeaponCard {&#13;&#10;    public QilinBowCard() {&#13;&#10;        this.name = &quot;QilinBow&quot;;&#13;&#10;        this.type = CardConst.CardType_Weapon;&#13;&#10;        this.attackRange = 5;&#13;&#10;    }&#13;&#10;&#13;&#10;    @Override&#13;&#10;    public void checkArmor() {&#13;&#10;&#13;&#10;    }&#13;&#10;}&#13;&#10;" Filename="QilinBowCard.java" Intrnl_Id="5"/>
</SrcFileList>
<CritList>
<CritListEntry Name="org.codecover.model.utils.criteria.LoopCoverage" PluginName="org.codecover"/>
<CritListEntry Name="org.codecover.model.utils.criteria.QMOCoverage" PluginName="org.codecover"/>
<CritListEntry Name="org.codecover.model.utils.criteria.ConditionCoverage" PluginName="org.codecover"/>
<CritListEntry Name="org.codecover.model.utils.criteria.BranchCoverage" PluginName="org.codecover"/>
<CritListEntry Name="org.codecover.model.utils.criteria.SynchronizedStatementCoverage" PluginName="org.codecover"/>
<CritListEntry Name="org.codecover.model.utils.criteria.StatementCoverage" PluginName="org.codecover"/>
</CritList>
<BoolOpList/>
<HierarchyLvlTypeList>
<HierarchyLvlType EnglishName="package" IntrnlName="package" Intrnl_Id="6"/>
<HierarchyLvlType EnglishName="method" IntrnlName="method" Intrnl_Id="7"/>
<HierarchyLvlType EnglishName="class" IntrnlName="class" Intrnl_Id="8"/>
<HierarchyLvlType EnglishName="default package" IntrnlName="default package" Intrnl_Id="9"/>
</HierarchyLvlTypeList>
<MASTRoot>
<HierarchyLvl HierarchyLvlId="87" HierarchyLvlTypeId="9" Intrnl_Id="10" Name="default package">
<Header/>
<LocList/>
<HierarchyLvl HierarchyLvlId="86" HierarchyLvlTypeId="6" Intrnl_Id="11" Name="com">
<Header/>
<LocList/>
<HierarchyLvl HierarchyLvlId="85" HierarchyLvlTypeId="6" Intrnl_Id="12" Name="card">
<Header/>
<LocList/>
<HierarchyLvl HierarchyLvlId="83" HierarchyLvlTypeId="6" Intrnl_Id="13" Name="interfaces">
<Header/>
<LocList/>
<HierarchyLvl HierarchyLvlId="70" HierarchyLvlTypeId="8" Intrnl_Id="14" Name="PlusMountCard">
<Header>
<Loc EndOffset="172" SrcFileId="1" StartOffset="92"/>
</Header>
<LocList>
<Loc EndOffset="370" SrcFileId="1" StartOffset="92"/>
</LocList>
<HierarchyLvl HierarchyLvlId="68" HierarchyLvlTypeId="7" Intrnl_Id="15" Name="use">
<Header>
<Loc EndOffset="230" SrcFileId="1" StartOffset="177"/>
</Header>
<LocList>
<Loc EndOffset="322" SrcFileId="1" StartOffset="177"/>
</LocList>
<StmntSeq Intrnl_Id="16">
<LocList>
<Loc EndOffset="318" SrcFileId="1" StartOffset="238"/>
</LocList>
<LoopStmnt CovItemId="S1" CovItemPrefix="com.card.interfaces.PlusMountCard.java" Intrnl_Id="17" MltplExecId="L1-2" MltplExecPrefix="com.card.interfaces.PlusMountCard.java" NvrExecId="L1-0" NvrExecPrefix="com.card.interfaces.PlusMountCard.java" OnceExecutedId="L1-1" OnceExecutedPrefix="com.card.interfaces.PlusMountCard.java" OptBodyExec="true">
<StmntSeq Intrnl_Id="18">
<LocList>
<Loc EndOffset="313" SrcFileId="1" StartOffset="281"/>
</LocList>
<BasicStmnt CovItemId="S2" CovItemPrefix="com.card.interfaces.PlusMountCard.java" Intrnl_Id="19">
<LocList>
<Loc EndOffset="313" SrcFileId="1" StartOffset="281"/>
</LocList>
</BasicStmnt>
</StmntSeq>
<Keyword EndOffset="241" SrcFileId="1" StartOffset="238"/>
<LocList>
<Loc EndOffset="318" SrcFileId="1" StartOffset="238"/>
</LocList>
</LoopStmnt>
</StmntSeq>
</HierarchyLvl>
<HierarchyLvl HierarchyLvlId="69" HierarchyLvlTypeId="7" Intrnl_Id="20" Name="getAffectedRange">
<Header>
<Loc EndOffset="366" SrcFileId="1" StartOffset="328"/>
</Header>
<LocList>
<Loc EndOffset="367" SrcFileId="1" StartOffset="328"/>
</LocList>
</HierarchyLvl>
</HierarchyLvl>
<HierarchyLvl HierarchyLvlId="73" HierarchyLvlTypeId="8" Intrnl_Id="21" Name="MinusMountCard">
<Header>
<Loc EndOffset="175" SrcFileId="2" StartOffset="94"/>
</Header>
<LocList>
<Loc EndOffset="410" SrcFileId="2" StartOffset="94"/>
</LocList>
<HierarchyLvl HierarchyLvlId="71" HierarchyLvlTypeId="7" Intrnl_Id="22" Name="use">
<Header>
<Loc EndOffset="236" SrcFileId="2" StartOffset="183"/>
</Header>
<LocList>
<Loc EndOffset="362" SrcFileId="2" StartOffset="183"/>
</LocList>
<StmntSeq Intrnl_Id="23">
<LocList>
<Loc EndOffset="355" SrcFileId="2" StartOffset="253"/>
</LocList>
<LoopStmnt CovItemId="S1" CovItemPrefix="com.card.interfaces.MinusMountCard.java" Intrnl_Id="24" MltplExecId="L1-2" MltplExecPrefix="com.card.interfaces.MinusMountCard.java" NvrExecId="L1-0" NvrExecPrefix="com.card.interfaces.MinusMountCard.java" OnceExecutedId="L1-1" OnceExecutedPrefix="com.card.interfaces.MinusMountCard.java" OptBodyExec="true">
<StmntSeq Intrnl_Id="25">
<LocList>
<Loc EndOffset="344" SrcFileId="2" StartOffset="311"/>
</LocList>
<BasicStmnt CovItemId="S2" CovItemPrefix="com.card.interfaces.MinusMountCard.java" Intrnl_Id="26">
<LocList>
<Loc EndOffset="344" SrcFileId="2" StartOffset="311"/>
</LocList>
</BasicStmnt>
</StmntSeq>
<Keyword EndOffset="256" SrcFileId="2" StartOffset="253"/>
<LocList>
<Loc EndOffset="355" SrcFileId="2" StartOffset="253"/>
</LocList>
</LoopStmnt>
</StmntSeq>
</HierarchyLvl>
<HierarchyLvl HierarchyLvlId="72" HierarchyLvlTypeId="7" Intrnl_Id="27" Name="getAffectedRange">
<Header>
<Loc EndOffset="406" SrcFileId="2" StartOffset="368"/>
</Header>
<LocList>
<Loc EndOffset="407" SrcFileId="2" StartOffset="368"/>
</LocList>
</HierarchyLvl>
</HierarchyLvl>
</HierarchyLvl>
<HierarchyLvl HierarchyLvlId="84" HierarchyLvlTypeId="6" Intrnl_Id="28" Name="equipment">
<Header/>
<LocList/>
<HierarchyLvl HierarchyLvlId="76" HierarchyLvlTypeId="8" Intrnl_Id="29" Name="ShadowRunnerCard">
<Header>
<Loc EndOffset="229" SrcFileId="3" StartOffset="156"/>
</Header>
<LocList>
<Loc EndOffset="488" SrcFileId="3" StartOffset="156"/>
</LocList>
<StmntSeq Intrnl_Id="30">
<LocList>
<Loc EndOffset="393" SrcFileId="3" StartOffset="363"/>
</LocList>
<BasicStmnt CovItemId="S3" CovItemPrefix="com.card.equipment.ShadowRunnerCard.java" Intrnl_Id="31">
<LocList>
<Loc EndOffset="393" SrcFileId="3" StartOffset="363"/>
</LocList>
</BasicStmnt>
</StmntSeq>
<HierarchyLvl HierarchyLvlId="74" HierarchyLvlTypeId="7" Intrnl_Id="32" Name="ShadowRunnerCard">
<Header>
<Loc EndOffset="259" SrcFileId="3" StartOffset="234"/>
</Header>
<LocList>
<Loc EndOffset="357" SrcFileId="3" StartOffset="234"/>
</LocList>
<StmntSeq Intrnl_Id="33">
<LocList>
<Loc EndOffset="298" SrcFileId="3" StartOffset="271"/>
<Loc EndOffset="350" SrcFileId="3" StartOffset="308"/>
</LocList>
<BasicStmnt CovItemId="S1" CovItemPrefix="com.card.equipment.ShadowRunnerCard.java" Intrnl_Id="34">
<LocList>
<Loc EndOffset="298" SrcFileId="3" StartOffset="271"/>
</LocList>
</BasicStmnt>
<BasicStmnt CovItemId="S2" CovItemPrefix="com.card.equipment.ShadowRunnerCard.java" Intrnl_Id="35">
<LocList>
<Loc EndOffset="350" SrcFileId="3" StartOffset="308"/>
</LocList>
</BasicStmnt>
</StmntSeq>
</HierarchyLvl>
<HierarchyLvl HierarchyLvlId="75" HierarchyLvlTypeId="7" Intrnl_Id="36" Name="getAffectedRange">
<Header>
<Loc EndOffset="445" SrcFileId="3" StartOffset="401"/>
</Header>
<LocList>
<Loc EndOffset="485" SrcFileId="3" StartOffset="401"/>
</LocList>
<StmntSeq Intrnl_Id="37">
<LocList>
<Loc EndOffset="478" SrcFileId="3" StartOffset="457"/>
</LocList>
<BasicStmnt CovItemId="S4" CovItemPrefix="com.card.equipment.ShadowRunnerCard.java" Intrnl_Id="38">
<LocList>
<Loc EndOffset="478" SrcFileId="3" StartOffset="457"/>
</LocList>
</BasicStmnt>
</StmntSeq>
</HierarchyLvl>
</HierarchyLvl>
<HierarchyLvl HierarchyLvlId="79" HierarchyLvlTypeId="8" Intrnl_Id="39" Name="RedHareCard">
<Header>
<Loc EndOffset="226" SrcFileId="4" StartOffset="157"/>
</Header>
<LocList>
<Loc EndOffset="479" SrcFileId="4" StartOffset="157"/>
</LocList>
<StmntSeq Intrnl_Id="40">
<LocList>
<Loc EndOffset="384" SrcFileId="4" StartOffset="354"/>
</LocList>
<BasicStmnt CovItemId="S3" CovItemPrefix="com.card.equipment.RedHareCard.java" Intrnl_Id="41">
<LocList>
<Loc EndOffset="384" SrcFileId="4" StartOffset="354"/>
</LocList>
</BasicStmnt>
</StmntSeq>
<HierarchyLvl HierarchyLvlId="77" HierarchyLvlTypeId="7" Intrnl_Id="42" Name="RedHareCard">
<Header>
<Loc EndOffset="254" SrcFileId="4" StartOffset="234"/>
</Header>
<LocList>
<Loc EndOffset="348" SrcFileId="4" StartOffset="234"/>
</LocList>
<StmntSeq Intrnl_Id="43">
<LocList>
<Loc EndOffset="288" SrcFileId="4" StartOffset="266"/>
<Loc EndOffset="341" SrcFileId="4" StartOffset="298"/>
</LocList>
<BasicStmnt CovItemId="S1" CovItemPrefix="com.card.equipment.RedHareCard.java" Intrnl_Id="44">
<LocList>
<Loc EndOffset="288" SrcFileId="4" StartOffset="266"/>
</LocList>
</BasicStmnt>
<BasicStmnt CovItemId="S2" CovItemPrefix="com.card.equipment.RedHareCard.java" Intrnl_Id="45">
<LocList>
<Loc EndOffset="341" SrcFileId="4" StartOffset="298"/>
</LocList>
</BasicStmnt>
</StmntSeq>
</HierarchyLvl>
<HierarchyLvl HierarchyLvlId="78" HierarchyLvlTypeId="7" Intrnl_Id="46" Name="getAffectedRange">
<Header>
<Loc EndOffset="436" SrcFileId="4" StartOffset="392"/>
</Header>
<LocList>
<Loc EndOffset="476" SrcFileId="4" StartOffset="392"/>
</LocList>
<StmntSeq Intrnl_Id="47">
<LocList>
<Loc EndOffset="469" SrcFileId="4" StartOffset="448"/>
</LocList>
<BasicStmnt CovItemId="S4" CovItemPrefix="com.card.equipment.RedHareCard.java" Intrnl_Id="48">
<LocList>
<Loc EndOffset="469" SrcFileId="4" StartOffset="448"/>
</LocList>
</BasicStmnt>
</StmntSeq>
</HierarchyLvl>
</HierarchyLvl>
<HierarchyLvl HierarchyLvlId="82" HierarchyLvlTypeId="8" Intrnl_Id="49" Name="QilinBowCard">
<Header>
<Loc EndOffset="221" SrcFileId="5" StartOffset="154"/>
</Header>
<LocList>
<Loc EndOffset="432" SrcFileId="5" StartOffset="154"/>
</LocList>
<HierarchyLvl HierarchyLvlId="80" HierarchyLvlTypeId="7" Intrnl_Id="50" Name="QilinBowCard">
<Header>
<Loc EndOffset="250" SrcFileId="5" StartOffset="229"/>
</Header>
<LocList>
<Loc EndOffset="371" SrcFileId="5" StartOffset="229"/>
</LocList>
<StmntSeq Intrnl_Id="51">
<LocList>
<Loc EndOffset="285" SrcFileId="5" StartOffset="262"/>
<Loc EndOffset="333" SrcFileId="5" StartOffset="295"/>
<Loc EndOffset="364" SrcFileId="5" StartOffset="343"/>
</LocList>
<BasicStmnt CovItemId="S1" CovItemPrefix="com.card.equipment.QilinBowCard.java" Intrnl_Id="52">
<LocList>
<Loc EndOffset="285" SrcFileId="5" StartOffset="262"/>
</LocList>
</BasicStmnt>
<BasicStmnt CovItemId="S2" CovItemPrefix="com.card.equipment.QilinBowCard.java" Intrnl_Id="53">
<LocList>
<Loc EndOffset="333" SrcFileId="5" StartOffset="295"/>
</LocList>
</BasicStmnt>
<BasicStmnt CovItemId="S3" CovItemPrefix="com.card.equipment.QilinBowCard.java" Intrnl_Id="54">
<LocList>
<Loc EndOffset="364" SrcFileId="5" StartOffset="343"/>
</LocList>
</BasicStmnt>
</StmntSeq>
</HierarchyLvl>
<HierarchyLvl HierarchyLvlId="81" HierarchyLvlTypeId="7" Intrnl_Id="55" Name="checkArmor">
<Header>
<Loc EndOffset="418" SrcFileId="5" StartOffset="379"/>
</Header>
<LocList>
<Loc EndOffset="429" SrcFileId="5" StartOffset="379"/>
</LocList>
</HierarchyLvl>
</HierarchyLvl>
</HierarchyLvl>
</HierarchyLvl>
</HierarchyLvl>
</HierarchyLvl>
</MASTRoot>
</TestSessionContainer>
